Using pre-set license
Built from '2022.3/staging' branch; Version is '2022.3.11f1 (d00248457e15) revision 13632072'; Using compiler version '192829333'; Build Type 'Release'
OS: 'Windows 10  (10.0.19045) 64bit Core' Language: 'en' Physical Memory: 8023 MB
BatchMode: 1, IsHumanControllingUs: 0, StartBugReporterOnCrash: 0, Is64bit: 1, IsPro: 1

COMMAND LINE ARGUMENTS:
C:\Program Files\Unity\Hub\Editor\2022.3.11f1\Editor\Unity.exe
-adb2
-batchMode
-noUpm
-name
AssetImportWorker0
-projectPath
C:/Users/mjcon/OneDrive/Desktop/CODING/SE Nightmares
-logFile
Logs/AssetImportWorker0.log
-srvPort
51073
Successfully changed project path to: C:/Users/mjcon/OneDrive/Desktop/CODING/SE Nightmares
C:/Users/mjcon/OneDrive/Desktop/CODING/SE Nightmares
[UnityMemory] Configuration Parameters - Can be set up in boot.config
    "memorysetup-bucket-allocator-granularity=16"
    "memorysetup-bucket-allocator-bucket-count=8"
    "memorysetup-bucket-allocator-block-size=33554432"
    "memorysetup-bucket-allocator-block-count=8"
    "memorysetup-main-allocator-block-size=16777216"
    "memorysetup-thread-allocator-block-size=16777216"
    "memorysetup-gfx-main-allocator-block-size=16777216"
    "memorysetup-gfx-thread-allocator-block-size=16777216"
    "memorysetup-cache-allocator-block-size=4194304"
    "memorysetup-typetree-allocator-block-size=2097152"
    "memorysetup-profiler-bucket-allocator-granularity=16"
    "memorysetup-profiler-bucket-allocator-bucket-count=8"
    "memorysetup-profiler-bucket-allocator-block-size=33554432"
    "memorysetup-profiler-bucket-allocator-block-count=8"
    "memorysetup-profiler-allocator-block-size=16777216"
    "memorysetup-profiler-editor-allocator-block-size=1048576"
    "memorysetup-temp-allocator-size-main=16777216"
    "memorysetup-job-temp-allocator-block-size=2097152"
    "memorysetup-job-temp-allocator-block-size-background=1048576"
    "memorysetup-job-temp-allocator-reduction-small-platforms=262144"
    "memorysetup-allocator-temp-initial-block-size-main=262144"
    "memorysetup-allocator-temp-initial-block-size-worker=262144"
    "memorysetup-temp-allocator-size-background-worker=32768"
    "memorysetup-temp-allocator-size-job-worker=262144"
    "memorysetup-temp-allocator-size-preload-manager=33554432"
    "memorysetup-temp-allocator-size-nav-mesh-worker=65536"
    "memorysetup-temp-allocator-size-audio-worker=65536"
    "memorysetup-temp-allocator-size-cloud-worker=32768"
    "memorysetup-temp-allocator-size-gi-baking-worker=262144"
    "memorysetup-temp-allocator-size-gfx=262144"
Player connection [19444] Host "[IP] 172.16.168.79 [Port] 0 [Flags] 2 [Guid] 4243365401 [EditorId] 4243365401 [Version] 1048832 [Id] WindowsEditor(7,LAPTOP-58FUPICM) [Debug] 1 [PackageName] WindowsEditor [ProjectName] Editor" joined multi-casting on [225.0.0.222:54997]...

Player connection [19444] Host "[IP] 172.16.168.79 [Port] 0 [Flags] 2 [Guid] 4243365401 [EditorId] 4243365401 [Version] 1048832 [Id] WindowsEditor(7,LAPTOP-58FUPICM) [Debug] 1 [PackageName] WindowsEditor [ProjectName] Editor" joined alternative multi-casting on [225.0.0.222:34997]...

[Physics::Module] Initialized MultithreadedJobDispatcher with 7 workers.
Refreshing native plugins compatible for Editor in 46.51 ms, found 4 plugins.
Preloading 0 native plugins for Editor in 0.00 ms.
Initialize engine version: 2022.3.11f1 (d00248457e15)
[Subsystems] Discovering subsystems at path C:/Program Files/Unity/Hub/Editor/2022.3.11f1/Editor/Data/Resources/UnitySubsystems
[Subsystems] Discovering subsystems at path C:/Users/mjcon/OneDrive/Desktop/CODING/SE Nightmares/Assets
GfxDevice: creating device client; threaded=0; jobified=0
Direct3D:
    Version:  Direct3D 11.0 [level 11.1]
    Renderer: NVIDIA GeForce GTX 1650 (ID=0x1f99)
    Vendor:   NVIDIA
    VRAM:     3962 MB
    Driver:   31.0.15.1748
Initialize mono
Mono path[0] = 'C:/Program Files/Unity/Hub/Editor/2022.3.11f1/Editor/Data/Managed'
Mono path[1] = 'C:/Program Files/Unity/Hub/Editor/2022.3.11f1/Editor/Data/MonoBleedingEdge/lib/mono/unityjit-win32'
Mono config path = 'C:/Program Files/Unity/Hub/Editor/2022.3.11f1/Editor/Data/MonoBleedingEdge/etc'
Using monoOptions --debugger-agent=transport=dt_socket,embedding=1,server=y,suspend=n,address=127.0.0.1:56600
Begin MonoManager ReloadAssembly
Registering precompiled unity dll's ...
Register platform support module: C:/Program Files/Unity/Hub/Editor/2022.3.11f1/Editor/Data/PlaybackEngines/WebGLSupport/UnityEditor.WebGL.Extensions.dll
Register platform support module: C:/Program Files/Unity/Hub/Editor/2022.3.11f1/Editor/Data/PlaybackEngines/WindowsStandaloneSupport/UnityEditor.WindowsStandalone.Extensions.dll
Registered in 0.023664 seconds.
- Loaded All Assemblies, in  0.761 seconds
Native extension for WindowsStandalone target not found
Native extension for WebGL target not found
Mono: successfully reloaded assembly
- Finished resetting the current domain, in  0.477 seconds
Domain Reload Profiling: 1234ms
	BeginReloadAssembly (251ms)
		ExecutionOrderSort (0ms)
		DisableScriptedObjects (0ms)
		BackupInstance (0ms)
		ReleaseScriptingObjects (0ms)
		CreateAndSetChildDomain (1ms)
	RebuildCommonClasses (63ms)
	RebuildNativeTypeToScriptingClass (20ms)
	initialDomainReloadingComplete (120ms)
	LoadAllAssembliesAndSetupDomain (302ms)
		LoadAssemblies (246ms)
		RebuildTransferFunctionScriptingTraits (0ms)
		AnalyzeDomain (299ms)
			TypeCache.Refresh (295ms)
				TypeCache.ScanAssembly (272ms)
			ScanForSourceGeneratedMonoScriptInfo (1ms)
			ResolveRequiredComponents (2ms)
	FinalizeReload (478ms)
		ReleaseScriptCaches (0ms)
		RebuildScriptCaches (0ms)
		SetupLoadedEditorAssemblies (371ms)
			LogAssemblyErrors (0ms)
			InitializePlatformSupportModulesInManaged (26ms)
			SetLoadedEditorAssemblies (9ms)
			RefreshPlugins (0ms)
			BeforeProcessingInitializeOnLoad (5ms)
			ProcessInitializeOnLoadAttributes (242ms)
			ProcessInitializeOnLoadMethodAttributes (88ms)
			AfterProcessingInitializeOnLoad (0ms)
			EditorAssembliesLoaded (0ms)
		ExecutionOrderSort2 (0ms)
		AwakeInstancesAfterBackupRestoration (0ms)
========================================================================
Worker process is ready to serve import requests
Begin MonoManager ReloadAssembly
- Loaded All Assemblies, in  2.342 seconds
Refreshing native plugins compatible for Editor in 18.49 ms, found 4 plugins.
Native extension for WindowsStandalone target not found
Native extension for WebGL target not found
Package Manager log level set to [2]
[Package Manager] Server::EnsureServerProcessIsRunning -- launch failed, reason: Unity was launched with the -noUpm command-line argument
[Package Manager] UpmClient::Send -- Unable to send message (not connected to UPM process).
[Package Manager] Cannot connect to Unity Package Manager local server
Mono: successfully reloaded assembly
- Finished resetting the current domain, in  1.901 seconds
Domain Reload Profiling: 4234ms
	BeginReloadAssembly (413ms)
		ExecutionOrderSort (0ms)
		DisableScriptedObjects (14ms)
		BackupInstance (0ms)
		ReleaseScriptingObjects (0ms)
		CreateAndSetChildDomain (58ms)
	RebuildCommonClasses (77ms)
	RebuildNativeTypeToScriptingClass (20ms)
	initialDomainReloadingComplete (102ms)
	LoadAllAssembliesAndSetupDomain (1720ms)
		LoadAssemblies (1321ms)
		RebuildTransferFunctionScriptingTraits (0ms)
		AnalyzeDomain (641ms)
			TypeCache.Refresh (491ms)
				TypeCache.ScanAssembly (431ms)
			ScanForSourceGeneratedMonoScriptInfo (107ms)
			ResolveRequiredComponents (39ms)
	FinalizeReload (1902ms)
		ReleaseScriptCaches (0ms)
		RebuildScriptCaches (0ms)
		SetupLoadedEditorAssemblies (1460ms)
			LogAssemblyErrors (0ms)
			InitializePlatformSupportModulesInManaged (21ms)
			SetLoadedEditorAssemblies (6ms)
			RefreshPlugins (0ms)
			BeforeProcessingInitializeOnLoad (228ms)
			ProcessInitializeOnLoadAttributes (1027ms)
			ProcessInitializeOnLoadMethodAttributes (160ms)
			AfterProcessingInitializeOnLoad (18ms)
			EditorAssembliesLoaded (0ms)
		ExecutionOrderSort2 (0ms)
		AwakeInstancesAfterBackupRestoration (12ms)
Launched and connected shader compiler UnityShaderCompiler.exe after 0.10 seconds
Refreshing native plugins compatible for Editor in 12.38 ms, found 4 plugins.
Preloading 0 native plugins for Editor in 0.00 ms.
Unloading 6272 Unused Serialized files (Serialized files now loaded: 0)
Unloading 110 unused Assets / (0.6 MB). Loaded Objects now: 6752.
Memory consumption went from 256.2 MB to 255.6 MB.
Total: 8.120900 ms (FindLiveObjects: 1.432400 ms CreateObjectMapping: 0.797800 ms MarkObjects: 4.710500 ms  DeleteObjects: 1.178500 ms)

AssetImportParameters requested are different than current active one (requested -> active):
  custom:container-demuxer-ogg: 62fdf1f143b41e24485cea50d1cbac27 -> 
  custom:video-decoder-ogg-theora: a1e56fd34408186e4bbccfd4996cb3dc -> 
  custom:framework-win-MediaFoundation: 216162199b28c13a410421893ffa2e32 -> 
  custom:CustomObjectIndexerAttribute: a3ef5dd2817f97addfee359851a9dba5 -> 
  custom:container-demuxer-webm: 4f35f7cbe854078d1ac9338744f61a02 -> 
  custom:container-muxer-webm: aa71ff27fc2769a1b78a27578f13a17b -> 
  custom:video-decoder-webm-vp8: 9c59270c3fd7afecdb556c50c9e8de78 -> 
  custom:SearchIndexIgnoredProperties: e643bd26f0fe6173181afceb89e7c659 -> 
  custom:AudioImporter_EditorPlatform: d09bf68614088b80899f8185d706f6e7 -> 
  custom:video-encoder-webm-vp8: eb34c28f22e8b96e1ab97ce403110664 -> 
  custom:audio-decoder-ogg-vorbis: bf7c407c2cedff20999df2af8eb42d56 -> 
  custom:audio-encoder-webm-vorbis: bf7c407c2cedff20999df2af8eb42d56 -> 
========================================================================
Received Import Request.
  Time since last request: 273503.548444 seconds.
  path: Assets/Scenes/Level_Proper
  artifactKey: Guid(0d5b805efb41d674cbdc77ebb3be306d) Importer(815301076,1909f56bfc062723c751e8b465ee728b)
Start importing Assets/Scenes/Level_Proper using Guid(0d5b805efb41d674cbdc77ebb3be306d) Importer(815301076,1909f56bfc062723c751e8b465ee728b)  -> (artifact id: '486628f305a9f502b8f77f29afad7a85') in 0.004838 seconds
Number of updated asset objects reloaded before import = 0
Number of asset objects unloaded after import = 0
========================================================================
Received Import Request.
  Time since last request: 5.510736 seconds.
  path: Assets/Scenes/GameOver.unity
  artifactKey: Guid(af02006d95f1a794b968d44c006a4d5e) Importer(815301076,1909f56bfc062723c751e8b465ee728b)
Start importing Assets/Scenes/GameOver.unity using Guid(af02006d95f1a794b968d44c006a4d5e) Importer(815301076,1909f56bfc062723c751e8b465ee728b)  -> (artifact id: '702e95993609abc3440faa6601ea9254') in 0.001056 seconds
Number of updated asset objects reloaded before import = 0
Number of asset objects unloaded after import = 0
========================================================================
Received Import Request.
  Time since last request: 1.103412 seconds.
  path: Assets/Scenes/Level_Proper.unity
  artifactKey: Guid(24f16f04995c45842be28400d2a04a3e) Importer(815301076,1909f56bfc062723c751e8b465ee728b)
Start importing Assets/Scenes/Level_Proper.unity using Guid(24f16f04995c45842be28400d2a04a3e) Importer(815301076,1909f56bfc062723c751e8b465ee728b)  -> (artifact id: '50cde6dbaf49bcf957fb97a9658f99f5') in 0.001549 seconds
Number of updated asset objects reloaded before import = 0
Number of asset objects unloaded after import = 0
========================================================================
Received Import Request.
  Time since last request: 18.270538 seconds.
  path: Assets/Scenes/StartScene.unity
  artifactKey: Guid(2cda990e2423bbf4892e6590ba056729) Importer(815301076,1909f56bfc062723c751e8b465ee728b)
Start importing Assets/Scenes/StartScene.unity using Guid(2cda990e2423bbf4892e6590ba056729) Importer(815301076,1909f56bfc062723c751e8b465ee728b)  -> (artifact id: '45d382addb815028bbef77ad15006b33') in 0.000633 seconds
Number of updated asset objects reloaded before import = 0
Number of asset objects unloaded after import = 0
========================================================================
Received Import Request.
  Time since last request: 55.543723 seconds.
  path: Assets/WeaponPrefabs/ParentMelee.prefab
  artifactKey: Guid(a37fb21bbaa3a76429ac8fe11a25c011) Importer(815301076,1909f56bfc062723c751e8b465ee728b)
Start importing Assets/WeaponPrefabs/ParentMelee.prefab using Guid(a37fb21bbaa3a76429ac8fe11a25c011) Importer(815301076,1909f56bfc062723c751e8b465ee728b)  -> (artifact id: '6bc09e5d5b592f3dbb65b9566f859f49') in 0.345057 seconds
Number of updated asset objects reloaded before import = 0
Number of asset objects unloaded after import = 24
========================================================================
Received Import Request.
  Time since last request: 9.924946 seconds.
  path: Assets/Videos/introStory_0_20231217234024.mp4
  artifactKey: Guid(a7170ab415c79e146a5b9ad98f6ecfc9) Importer(815301076,1909f56bfc062723c751e8b465ee728b)
Start importing Assets/Videos/introStory_0_20231217234024.mp4 using Guid(a7170ab415c79e146a5b9ad98f6ecfc9) Importer(815301076,1909f56bfc062723c751e8b465ee728b)  -> (artifact id: '806bba7a19c84072a1273ccb8cd24c39') in 0.001567 seconds
Number of updated asset objects reloaded before import = 0
Number of asset objects unloaded after import = 1
========================================================================
Received Import Request.
  Time since last request: 14.819895 seconds.
  path: Assets/Videos/Intro.mp4
  artifactKey: Guid(a7170ab415c79e146a5b9ad98f6ecfc9) Importer(815301076,1909f56bfc062723c751e8b465ee728b)
Start importing Assets/Videos/Intro.mp4 using Guid(a7170ab415c79e146a5b9ad98f6ecfc9) Importer(815301076,1909f56bfc062723c751e8b465ee728b)  -> (artifact id: '5a96ee2efa7a13fedc9464f7e37428ff') in 0.001246 seconds
Number of updated asset objects reloaded before import = 0
Number of asset objects unloaded after import = 1
========================================================================
Received Prepare
Begin MonoManager ReloadAssembly
- Loaded All Assemblies, in  0.928 seconds
Refreshing native plugins compatible for Editor in 9.82 ms, found 4 plugins.
Native extension for WindowsStandalone target not found
Native extension for WebGL target not found
[Package Manager] Server::EnsureServerProcessIsRunning -- launch failed, reason: Unity was launched with the -noUpm command-line argument
[Package Manager] UpmClient::Send -- Unable to send message (not connected to UPM process).
[Package Manager] Cannot connect to Unity Package Manager local server
Mono: successfully reloaded assembly
- Finished resetting the current domain, in  3.131 seconds
Domain Reload Profiling: 4051ms
	BeginReloadAssembly (288ms)
		ExecutionOrderSort (0ms)
		DisableScriptedObjects (22ms)
		BackupInstance (0ms)
		ReleaseScriptingObjects (0ms)
		CreateAndSetChildDomain (67ms)
	RebuildCommonClasses (56ms)
	RebuildNativeTypeToScriptingClass (23ms)
	initialDomainReloadingComplete (54ms)
	LoadAllAssembliesAndSetupDomain (498ms)
		LoadAssemblies (607ms)
		RebuildTransferFunctionScriptingTraits (0ms)
		AnalyzeDomain (38ms)
			TypeCache.Refresh (12ms)
				TypeCache.ScanAssembly (0ms)
			ScanForSourceGeneratedMonoScriptInfo (0ms)
			ResolveRequiredComponents (25ms)
	FinalizeReload (3132ms)
		ReleaseScriptCaches (0ms)
		RebuildScriptCaches (0ms)
		SetupLoadedEditorAssemblies (940ms)
			LogAssemblyErrors (0ms)
			InitializePlatformSupportModulesInManaged (13ms)
			SetLoadedEditorAssemblies (5ms)
			RefreshPlugins (0ms)
			BeforeProcessingInitializeOnLoad (155ms)
			ProcessInitializeOnLoadAttributes (623ms)
			ProcessInitializeOnLoadMethodAttributes (123ms)
			AfterProcessingInitializeOnLoad (21ms)
			EditorAssembliesLoaded (0ms)
		ExecutionOrderSort2 (0ms)
		AwakeInstancesAfterBackupRestoration (26ms)
Refreshing native plugins compatible for Editor in 12.50 ms, found 4 plugins.
Preloading 0 native plugins for Editor in 0.00 ms.
Unloading 6110 Unused Serialized files (Serialized files now loaded: 0)
Unloading 56 unused Assets / (0.6 MB). Loaded Objects now: 6817.
Memory consumption went from 233.6 MB to 233.0 MB.
Total: 6.294900 ms (FindLiveObjects: 0.853500 ms CreateObjectMapping: 0.813400 ms MarkObjects: 4.233700 ms  DeleteObjects: 0.393200 ms)

Prepare: number of updated asset objects reloaded= 0
AssetImportParameters requested are different than current active one (requested -> active):
  custom:container-demuxer-ogg: 62fdf1f143b41e24485cea50d1cbac27 -> 
  custom:video-decoder-ogg-theora: a1e56fd34408186e4bbccfd4996cb3dc -> 
  custom:framework-win-MediaFoundation: 216162199b28c13a410421893ffa2e32 -> 
  custom:CustomObjectIndexerAttribute: a3ef5dd2817f97addfee359851a9dba5 -> 
  custom:container-demuxer-webm: 4f35f7cbe854078d1ac9338744f61a02 -> 
  custom:container-muxer-webm: aa71ff27fc2769a1b78a27578f13a17b -> 
  custom:video-decoder-webm-vp8: 9c59270c3fd7afecdb556c50c9e8de78 -> 
  custom:SearchIndexIgnoredProperties: e643bd26f0fe6173181afceb89e7c659 -> 
  custom:AudioImporter_EditorPlatform: d09bf68614088b80899f8185d706f6e7 -> 
  custom:video-encoder-webm-vp8: eb34c28f22e8b96e1ab97ce403110664 -> 
  custom:audio-decoder-ogg-vorbis: bf7c407c2cedff20999df2af8eb42d56 -> 
  custom:audio-encoder-webm-vorbis: bf7c407c2cedff20999df2af8eb42d56 -> 
========================================================================
Received Import Request.
  Time since last request: 369.530859 seconds.
  path: Assets/Scripts/SceneManager/Intro.cs
  artifactKey: Guid(95f24d631d81c914fbd74b72601ab2a9) Importer(815301076,1909f56bfc062723c751e8b465ee728b)
Start importing Assets/Scripts/SceneManager/Intro.cs using Guid(95f24d631d81c914fbd74b72601ab2a9) Importer(815301076,1909f56bfc062723c751e8b465ee728b)  -> (artifact id: '1dbaa12c1c616623d38088f21ec3e159') in 0.355823 seconds
Number of updated asset objects reloaded before import = 0
Number of asset objects unloaded after import = 0
========================================================================
Received Prepare
Begin MonoManager ReloadAssembly
- Loaded All Assemblies, in  6.948 seconds
Refreshing native plugins compatible for Editor in 11.20 ms, found 4 plugins.
Native extension for WindowsStandalone target not found
Native extension for WebGL target not found
[Package Manager] Server::EnsureServerProcessIsRunning -- launch failed, reason: Unity was launched with the -noUpm command-line argument
[Package Manager] UpmClient::Send -- Unable to send message (not connected to UPM process).
[Package Manager] Cannot connect to Unity Package Manager local server
Mono: successfully reloaded assembly
- Finished resetting the current domain, in  7.001 seconds
Domain Reload Profiling: 13946ms
	BeginReloadAssembly (2108ms)
		ExecutionOrderSort (0ms)
		DisableScriptedObjects (201ms)
		BackupInstance (0ms)
		ReleaseScriptingObjects (1ms)
		CreateAndSetChildDomain (902ms)
	RebuildCommonClasses (81ms)
	RebuildNativeTypeToScriptingClass (25ms)
	initialDomainReloadingComplete (85ms)
	LoadAllAssembliesAndSetupDomain (4645ms)
		LoadAssemblies (5039ms)
		RebuildTransferFunctionScriptingTraits (0ms)
		AnalyzeDomain (158ms)
			TypeCache.Refresh (45ms)
				TypeCache.ScanAssembly (5ms)
			ScanForSourceGeneratedMonoScriptInfo (80ms)
			ResolveRequiredComponents (32ms)
	FinalizeReload (7003ms)
		ReleaseScriptCaches (0ms)
		RebuildScriptCaches (0ms)
		SetupLoadedEditorAssemblies (1325ms)
			LogAssemblyErrors (0ms)
			InitializePlatformSupportModulesInManaged (36ms)
			SetLoadedEditorAssemblies (11ms)
			RefreshPlugins (0ms)
			BeforeProcessingInitializeOnLoad (211ms)
			ProcessInitializeOnLoadAttributes (773ms)
			ProcessInitializeOnLoadMethodAttributes (269ms)
			AfterProcessingInitializeOnLoad (23ms)
			EditorAssembliesLoaded (2ms)
		ExecutionOrderSort2 (0ms)
		AwakeInstancesAfterBackupRestoration (35ms)
Refreshing native plugins compatible for Editor in 21.45 ms, found 4 plugins.
Preloading 0 native plugins for Editor in 0.00 ms.
Unloading 6111 Unused Serialized files (Serialized files now loaded: 0)
Unloading 56 unused Assets / (0.6 MB). Loaded Objects now: 6835.
Memory consumption went from 235.5 MB to 234.9 MB.
Total: 246.716400 ms (FindLiveObjects: 6.342700 ms CreateObjectMapping: 3.552800 ms MarkObjects: 107.180000 ms  DeleteObjects: 126.341900 ms)

Prepare: number of updated asset objects reloaded= 0
AssetImportParameters requested are different than current active one (requested -> active):
  custom:container-demuxer-ogg: 62fdf1f143b41e24485cea50d1cbac27 -> 
  custom:video-decoder-ogg-theora: a1e56fd34408186e4bbccfd4996cb3dc -> 
  custom:framework-win-MediaFoundation: 216162199b28c13a410421893ffa2e32 -> 
  custom:CustomObjectIndexerAttribute: a3ef5dd2817f97addfee359851a9dba5 -> 
  custom:container-demuxer-webm: 4f35f7cbe854078d1ac9338744f61a02 -> 
  custom:container-muxer-webm: aa71ff27fc2769a1b78a27578f13a17b -> 
  custom:video-decoder-webm-vp8: 9c59270c3fd7afecdb556c50c9e8de78 -> 
  custom:SearchIndexIgnoredProperties: e643bd26f0fe6173181afceb89e7c659 -> 
  custom:AudioImporter_EditorPlatform: d09bf68614088b80899f8185d706f6e7 -> 
  custom:video-encoder-webm-vp8: eb34c28f22e8b96e1ab97ce403110664 -> 
  custom:audio-decoder-ogg-vorbis: bf7c407c2cedff20999df2af8eb42d56 -> 
  custom:audio-encoder-webm-vorbis: bf7c407c2cedff20999df2af8eb42d56 -> 
========================================================================
Received Import Request.
  Time since last request: 46.134959 seconds.
  path: Assets/Scripts/SceneManager/Intro.cs
  artifactKey: Guid(95f24d631d81c914fbd74b72601ab2a9) Importer(815301076,1909f56bfc062723c751e8b465ee728b)
Start importing Assets/Scripts/SceneManager/Intro.cs using Guid(95f24d631d81c914fbd74b72601ab2a9) Importer(815301076,1909f56bfc062723c751e8b465ee728b)  -> (artifact id: 'f2687175aeed88d26a9875645c678cc5') in 0.131125 seconds
Number of updated asset objects reloaded before import = 0
Number of asset objects unloaded after import = 0
========================================================================
Received Prepare
Begin MonoManager ReloadAssembly
- Loaded All Assemblies, in  2.561 seconds
Refreshing native plugins compatible for Editor in 19.42 ms, found 4 plugins.
Native extension for WindowsStandalone target not found
Native extension for WebGL target not found
[Package Manager] Server::EnsureServerProcessIsRunning -- launch failed, reason: Unity was launched with the -noUpm command-line argument
[Package Manager] UpmClient::Send -- Unable to send message (not connected to UPM process).
[Package Manager] Cannot connect to Unity Package Manager local server
Mono: successfully reloaded assembly
- Finished resetting the current domain, in  4.506 seconds
Domain Reload Profiling: 7065ms
	BeginReloadAssembly (1287ms)
		ExecutionOrderSort (0ms)
		DisableScriptedObjects (35ms)
		BackupInstance (0ms)
		ReleaseScriptingObjects (4ms)
		CreateAndSetChildDomain (258ms)
	RebuildCommonClasses (71ms)
	RebuildNativeTypeToScriptingClass (21ms)
	initialDomainReloadingComplete (67ms)
	LoadAllAssembliesAndSetupDomain (1112ms)
		LoadAssemblies (1363ms)
		RebuildTransferFunctionScriptingTraits (0ms)
		AnalyzeDomain (201ms)
			TypeCache.Refresh (63ms)
				TypeCache.ScanAssembly (5ms)
			ScanForSourceGeneratedMonoScriptInfo (97ms)
			ResolveRequiredComponents (39ms)
	FinalizeReload (4507ms)
		ReleaseScriptCaches (0ms)
		RebuildScriptCaches (0ms)
		SetupLoadedEditorAssemblies (1003ms)
			LogAssemblyErrors (0ms)
			InitializePlatformSupportModulesInManaged (17ms)
			SetLoadedEditorAssemblies (7ms)
			RefreshPlugins (0ms)
			BeforeProcessingInitializeOnLoad (168ms)
			ProcessInitializeOnLoadAttributes (663ms)
			ProcessInitializeOnLoadMethodAttributes (128ms)
			AfterProcessingInitializeOnLoad (19ms)
			EditorAssembliesLoaded (1ms)
		ExecutionOrderSort2 (0ms)
		AwakeInstancesAfterBackupRestoration (30ms)
Refreshing native plugins compatible for Editor in 10.74 ms, found 4 plugins.
Preloading 0 native plugins for Editor in 0.00 ms.
Unloading 6111 Unused Serialized files (Serialized files now loaded: 0)
Unloading 56 unused Assets / (0.6 MB). Loaded Objects now: 6852.
Memory consumption went from 237.4 MB to 236.8 MB.
Total: 12.688500 ms (FindLiveObjects: 2.021500 ms CreateObjectMapping: 0.972200 ms MarkObjects: 8.598800 ms  DeleteObjects: 1.093900 ms)

Prepare: number of updated asset objects reloaded= 0
AssetImportParameters requested are different than current active one (requested -> active):
  custom:container-demuxer-ogg: 62fdf1f143b41e24485cea50d1cbac27 -> 
  custom:video-decoder-ogg-theora: a1e56fd34408186e4bbccfd4996cb3dc -> 
  custom:framework-win-MediaFoundation: 216162199b28c13a410421893ffa2e32 -> 
  custom:CustomObjectIndexerAttribute: a3ef5dd2817f97addfee359851a9dba5 -> 
  custom:container-demuxer-webm: 4f35f7cbe854078d1ac9338744f61a02 -> 
  custom:container-muxer-webm: aa71ff27fc2769a1b78a27578f13a17b -> 
  custom:video-decoder-webm-vp8: 9c59270c3fd7afecdb556c50c9e8de78 -> 
  custom:SearchIndexIgnoredProperties: e643bd26f0fe6173181afceb89e7c659 -> 
  custom:AudioImporter_EditorPlatform: d09bf68614088b80899f8185d706f6e7 -> 
  custom:video-encoder-webm-vp8: eb34c28f22e8b96e1ab97ce403110664 -> 
  custom:audio-decoder-ogg-vorbis: bf7c407c2cedff20999df2af8eb42d56 -> 
  custom:audio-encoder-webm-vorbis: bf7c407c2cedff20999df2af8eb42d56 -> 
========================================================================
Received Import Request.
  Time since last request: 128.454593 seconds.
  path: Assets/Scripts/SceneManager/Intro.cs
  artifactKey: Guid(95f24d631d81c914fbd74b72601ab2a9) Importer(815301076,1909f56bfc062723c751e8b465ee728b)
Start importing Assets/Scripts/SceneManager/Intro.cs using Guid(95f24d631d81c914fbd74b72601ab2a9) Importer(815301076,1909f56bfc062723c751e8b465ee728b)  -> (artifact id: '3e5e9038cfeee48a29503fc37eaa5c4f') in 0.004419 seconds
Number of updated asset objects reloaded before import = 0
Number of asset objects unloaded after import = 0
========================================================================
Received Prepare
Begin MonoManager ReloadAssembly
- Loaded All Assemblies, in  1.219 seconds
Refreshing native plugins compatible for Editor in 13.83 ms, found 4 plugins.
Native extension for WindowsStandalone target not found
Native extension for WebGL target not found
[Package Manager] Server::EnsureServerProcessIsRunning -- launch failed, reason: Unity was launched with the -noUpm command-line argument
[Package Manager] UpmClient::Send -- Unable to send message (not connected to UPM process).
[Package Manager] Cannot connect to Unity Package Manager local server
Mono: successfully reloaded assembly
- Finished resetting the current domain, in  3.575 seconds
Domain Reload Profiling: 4785ms
	BeginReloadAssembly (369ms)
		ExecutionOrderSort (0ms)
		DisableScriptedObjects (20ms)
		BackupInstance (0ms)
		ReleaseScriptingObjects (0ms)
		CreateAndSetChildDomain (98ms)
	RebuildCommonClasses (69ms)
	RebuildNativeTypeToScriptingClass (21ms)
	initialDomainReloadingComplete (62ms)
	LoadAllAssembliesAndSetupDomain (689ms)
		LoadAssemblies (830ms)
		RebuildTransferFunctionScriptingTraits (0ms)
		AnalyzeDomain (48ms)
			TypeCache.Refresh (13ms)
				TypeCache.ScanAssembly (0ms)
			ScanForSourceGeneratedMonoScriptInfo (0ms)
			ResolveRequiredComponents (33ms)
	FinalizeReload (3575ms)
		ReleaseScriptCaches (0ms)
		RebuildScriptCaches (0ms)
		SetupLoadedEditorAssemblies (1073ms)
			LogAssemblyErrors (0ms)
			InitializePlatformSupportModulesInManaged (18ms)
			SetLoadedEditorAssemblies (6ms)
			RefreshPlugins (0ms)
			BeforeProcessingInitializeOnLoad (187ms)
			ProcessInitializeOnLoadAttributes (707ms)
			ProcessInitializeOnLoadMethodAttributes (133ms)
			AfterProcessingInitializeOnLoad (22ms)
			EditorAssembliesLoaded (0ms)
		ExecutionOrderSort2 (0ms)
		AwakeInstancesAfterBackupRestoration (28ms)
Refreshing native plugins compatible for Editor in 8.95 ms, found 4 plugins.
Preloading 0 native plugins for Editor in 0.00 ms.
Unloading 6111 Unused Serialized files (Serialized files now loaded: 0)
Unloading 56 unused Assets / (0.6 MB). Loaded Objects now: 6869.
Memory consumption went from 239.3 MB to 238.8 MB.
Total: 9.336900 ms (FindLiveObjects: 1.150400 ms CreateObjectMapping: 0.841200 ms MarkObjects: 6.753800 ms  DeleteObjects: 0.590000 ms)

Prepare: number of updated asset objects reloaded= 0
AssetImportParameters requested are different than current active one (requested -> active):
  custom:container-demuxer-ogg: 62fdf1f143b41e24485cea50d1cbac27 -> 
  custom:video-decoder-ogg-theora: a1e56fd34408186e4bbccfd4996cb3dc -> 
  custom:framework-win-MediaFoundation: 216162199b28c13a410421893ffa2e32 -> 
  custom:CustomObjectIndexerAttribute: a3ef5dd2817f97addfee359851a9dba5 -> 
  custom:container-demuxer-webm: 4f35f7cbe854078d1ac9338744f61a02 -> 
  custom:container-muxer-webm: aa71ff27fc2769a1b78a27578f13a17b -> 
  custom:video-decoder-webm-vp8: 9c59270c3fd7afecdb556c50c9e8de78 -> 
  custom:SearchIndexIgnoredProperties: e643bd26f0fe6173181afceb89e7c659 -> 
  custom:AudioImporter_EditorPlatform: d09bf68614088b80899f8185d706f6e7 -> 
  custom:video-encoder-webm-vp8: eb34c28f22e8b96e1ab97ce403110664 -> 
  custom:audio-decoder-ogg-vorbis: bf7c407c2cedff20999df2af8eb42d56 -> 
  custom:audio-encoder-webm-vorbis: bf7c407c2cedff20999df2af8eb42d56 -> 
========================================================================
Received Import Request.
  Time since last request: 751.583739 seconds.
  path: Assets/Shader/Shader Graphs_Dissolve.mat
  artifactKey: Guid(aa7b28df7bc6b884a8063bfcc1ec3e74) Importer(815301076,1909f56bfc062723c751e8b465ee728b)
Start importing Assets/Shader/Shader Graphs_Dissolve.mat using Guid(aa7b28df7bc6b884a8063bfcc1ec3e74) Importer(815301076,1909f56bfc062723c751e8b465ee728b)  -> (artifact id: '7725b4b3b7841fb15bcc22f28e0d811e') in 0.820447 seconds
Number of updated asset objects reloaded before import = 0
Number of asset objects unloaded after import = 19
========================================================================
Received Import Request.
  Time since last request: 0.198122 seconds.
  path: Assets/Shader/Dissolve.shadergraph
  artifactKey: Guid(f72701fdbe18dec44972f382f6a2bd31) Importer(815301076,1909f56bfc062723c751e8b465ee728b)
Start importing Assets/Shader/Dissolve.shadergraph using Guid(f72701fdbe18dec44972f382f6a2bd31) Importer(815301076,1909f56bfc062723c751e8b465ee728b)  -> (artifact id: 'c5b9dd7c77260b8120a9a9cde8f33567') in 0.028725 seconds
Number of updated asset objects reloaded before import = 0
Number of asset objects unloaded after import = 3
========================================================================
Received Import Request.
  Time since last request: 34.382280 seconds.
  path: Assets/Shader/NewUnlitShader.shader
  artifactKey: Guid(5d8f0287f61b5764a9ed95dc613241c2) Importer(815301076,1909f56bfc062723c751e8b465ee728b)
Start importing Assets/Shader/NewUnlitShader.shader using Guid(5d8f0287f61b5764a9ed95dc613241c2) Importer(815301076,1909f56bfc062723c751e8b465ee728b)  -> (artifact id: '632698573e2162ff1fb3fdafb14059be') in 0.002486 seconds
Number of updated asset objects reloaded before import = 0
Number of asset objects unloaded after import = 1
========================================================================
Received Import Request.
  Time since last request: 53.215301 seconds.
  path: Assets/Shader/Dissolve2.shadergraph
  artifactKey: Guid(8d5f9b67ddbbd0041868da83738720d1) Importer(815301076,1909f56bfc062723c751e8b465ee728b)
Start importing Assets/Shader/Dissolve2.shadergraph using Guid(8d5f9b67ddbbd0041868da83738720d1) Importer(815301076,1909f56bfc062723c751e8b465ee728b)  -> (artifact id: 'a66d3fb4fd230132b2be2bac23e03b0b') in 0.611574 seconds
Number of updated asset objects reloaded before import = 0
Number of asset objects unloaded after import = 3
========================================================================
Received Import Request.
  Time since last request: 9.780172 seconds.
  path: Assets/Shader/Shader Graphs_Dissolve2.mat
  artifactKey: Guid(739a88923f72b54459d2ecc79d47fe4b) Importer(815301076,1909f56bfc062723c751e8b465ee728b)
Start importing Assets/Shader/Shader Graphs_Dissolve2.mat using Guid(739a88923f72b54459d2ecc79d47fe4b) Importer(815301076,1909f56bfc062723c751e8b465ee728b)  -> (artifact id: 'f33b8b42e228ab33d2d74808aaeee572') in 0.026864 seconds
Number of updated asset objects reloaded before import = 0
Number of asset objects unloaded after import = 3
========================================================================
Received Import Request.
  Time since last request: 138.316885 seconds.
  path: Assets/Shader/DissolveUnlit.shadergraph
  artifactKey: Guid(37e3b3b9024197f468487307ed77d6dd) Importer(815301076,1909f56bfc062723c751e8b465ee728b)
Start importing Assets/Shader/DissolveUnlit.shadergraph using Guid(37e3b3b9024197f468487307ed77d6dd) Importer(815301076,1909f56bfc062723c751e8b465ee728b)  -> (artifact id: 'dec7cc4813861c0599b3ce04d6c1f4ce') in 0.241354 seconds
Number of updated asset objects reloaded before import = 0
Number of asset objects unloaded after import = 3
========================================================================
Received Import Request.
  Time since last request: 13.253235 seconds.
  path: Assets/Shader/Shader Graphs_DissolveUnlit.mat
  artifactKey: Guid(de2585f16885dbe40970f4098908c612) Importer(815301076,1909f56bfc062723c751e8b465ee728b)
Start importing Assets/Shader/Shader Graphs_DissolveUnlit.mat using Guid(de2585f16885dbe40970f4098908c612) Importer(815301076,1909f56bfc062723c751e8b465ee728b)  -> (artifact id: 'b237be1549222095a390446f08d7c768') in 0.016116 seconds
Number of updated asset objects reloaded before import = 0
Number of asset objects unloaded after import = 3
========================================================================
Received Import Request.
  Time since last request: 488.116338 seconds.
  path: Assets/Shader/DissolveUnlit.shadergraph
  artifactKey: Guid(37e3b3b9024197f468487307ed77d6dd) Importer(815301076,1909f56bfc062723c751e8b465ee728b)
Start importing Assets/Shader/DissolveUnlit.shadergraph using Guid(37e3b3b9024197f468487307ed77d6dd) Importer(815301076,1909f56bfc062723c751e8b465ee728b)  -> (artifact id: '7c27eabc4ef49aae2ac6e67100d8b176') in 0.264775 seconds
Number of updated asset objects reloaded before import = 0
Number of asset objects unloaded after import = 3
========================================================================
Received Import Request.
  Time since last request: 226.606522 seconds.
  path: Assets/Shader/DissolveUnlit.shadergraph
  artifactKey: Guid(37e3b3b9024197f468487307ed77d6dd) Importer(815301076,1909f56bfc062723c751e8b465ee728b)
Start importing Assets/Shader/DissolveUnlit.shadergraph using Guid(37e3b3b9024197f468487307ed77d6dd) Importer(815301076,1909f56bfc062723c751e8b465ee728b)  -> (artifact id: '298772c3ebe60b546cd78b1a87eff4bf') in 0.407181 seconds
Number of updated asset objects reloaded before import = 0
Number of asset objects unloaded after import = 4
========================================================================
Received Import Request.
  Time since last request: 117.638322 seconds.
  path: Assets/Shader/DissolveUnlit.shadergraph
  artifactKey: Guid(37e3b3b9024197f468487307ed77d6dd) Importer(815301076,1909f56bfc062723c751e8b465ee728b)
Start importing Assets/Shader/DissolveUnlit.shadergraph using Guid(37e3b3b9024197f468487307ed77d6dd) Importer(815301076,1909f56bfc062723c751e8b465ee728b)  -> (artifact id: '20cdc3c4451b91bacf3d96b662a768fb') in 0.371344 seconds
Number of updated asset objects reloaded before import = 0
Number of asset objects unloaded after import = 4
========================================================================
Received Import Request.
  Time since last request: 64.623598 seconds.
  path: Assets/Shader/DissolveUnlit.shadergraph
  artifactKey: Guid(37e3b3b9024197f468487307ed77d6dd) Importer(815301076,1909f56bfc062723c751e8b465ee728b)
Start importing Assets/Shader/DissolveUnlit.shadergraph using Guid(37e3b3b9024197f468487307ed77d6dd) Importer(815301076,1909f56bfc062723c751e8b465ee728b)  -> (artifact id: '4ccec5980bf174aa74c86fb6c2b2dd5e') in 0.378790 seconds
Number of updated asset objects reloaded before import = 0
Number of asset objects unloaded after import = 4
========================================================================
Received Prepare
Begin MonoManager ReloadAssembly
- Loaded All Assemblies, in  4.685 seconds
Refreshing native plugins compatible for Editor in 30.93 ms, found 4 plugins.
Native extension for WindowsStandalone target not found
Native extension for WebGL target not found
[Package Manager] Server::EnsureServerProcessIsRunning -- launch failed, reason: Unity was launched with the -noUpm command-line argument
[Package Manager] UpmClient::Send -- Unable to send message (not connected to UPM process).
[Package Manager] Cannot connect to Unity Package Manager local server
Mono: successfully reloaded assembly
- Finished resetting the current domain, in 15.817 seconds
Domain Reload Profiling: 20522ms
	BeginReloadAssembly (1560ms)
		ExecutionOrderSort (0ms)
		DisableScriptedObjects (140ms)
		BackupInstance (0ms)
		ReleaseScriptingObjects (8ms)
		CreateAndSetChildDomain (878ms)
	RebuildCommonClasses (69ms)
	RebuildNativeTypeToScriptingClass (22ms)
	initialDomainReloadingComplete (77ms)
	LoadAllAssembliesAndSetupDomain (2975ms)
		LoadAssemblies (3123ms)
		RebuildTransferFunctionScriptingTraits (0ms)
		AnalyzeDomain (94ms)
			TypeCache.Refresh (45ms)
				TypeCache.ScanAssembly (0ms)
			ScanForSourceGeneratedMonoScriptInfo (1ms)
			ResolveRequiredComponents (45ms)
	FinalizeReload (15819ms)
		ReleaseScriptCaches (0ms)
		RebuildScriptCaches (0ms)
		SetupLoadedEditorAssemblies (1466ms)
			LogAssemblyErrors (1ms)
			InitializePlatformSupportModulesInManaged (34ms)
			SetLoadedEditorAssemblies (20ms)
			RefreshPlugins (0ms)
			BeforeProcessingInitializeOnLoad (295ms)
			ProcessInitializeOnLoadAttributes (924ms)
			ProcessInitializeOnLoadMethodAttributes (172ms)
			AfterProcessingInitializeOnLoad (17ms)
			EditorAssembliesLoaded (3ms)
		ExecutionOrderSort2 (0ms)
		AwakeInstancesAfterBackupRestoration (40ms)
Refreshing native plugins compatible for Editor in 17.37 ms, found 4 plugins.
Preloading 0 native plugins for Editor in 0.00 ms.
Unloading 6112 Unused Serialized files (Serialized files now loaded: 0)
Unloading 56 unused Assets / (0.6 MB). Loaded Objects now: 6957.
Memory consumption went from 242.1 MB to 241.5 MB.
Total: 25.659100 ms (FindLiveObjects: 0.976700 ms CreateObjectMapping: 1.304500 ms MarkObjects: 18.950800 ms  DeleteObjects: 4.398000 ms)

Prepare: number of updated asset objects reloaded= 0
AssetImportParameters requested are different than current active one (requested -> active):
  custom:container-demuxer-ogg: 62fdf1f143b41e24485cea50d1cbac27 -> 
  custom:video-decoder-ogg-theora: a1e56fd34408186e4bbccfd4996cb3dc -> 
  custom:framework-win-MediaFoundation: 216162199b28c13a410421893ffa2e32 -> 
  custom:CustomObjectIndexerAttribute: a3ef5dd2817f97addfee359851a9dba5 -> 
  custom:container-demuxer-webm: 4f35f7cbe854078d1ac9338744f61a02 -> 
  custom:container-muxer-webm: aa71ff27fc2769a1b78a27578f13a17b -> 
  custom:video-decoder-webm-vp8: 9c59270c3fd7afecdb556c50c9e8de78 -> 
  custom:SearchIndexIgnoredProperties: e643bd26f0fe6173181afceb89e7c659 -> 
  custom:AudioImporter_EditorPlatform: d09bf68614088b80899f8185d706f6e7 -> 
  custom:video-encoder-webm-vp8: eb34c28f22e8b96e1ab97ce403110664 -> 
  custom:audio-decoder-ogg-vorbis: bf7c407c2cedff20999df2af8eb42d56 -> 
  custom:audio-encoder-webm-vorbis: bf7c407c2cedff20999df2af8eb42d56 -> 
========================================================================
Received Import Request.
  Time since last request: 777.506368 seconds.
  path: Assets/Shader/DissolveUnlit.shadergraph
  artifactKey: Guid(37e3b3b9024197f468487307ed77d6dd) Importer(815301076,1909f56bfc062723c751e8b465ee728b)
Start importing Assets/Shader/DissolveUnlit.shadergraph using Guid(37e3b3b9024197f468487307ed77d6dd) Importer(815301076,1909f56bfc062723c751e8b465ee728b)  -> (artifact id: '7e61187add2f66cae0671a7d934b6a6f') in 1.085643 seconds
Number of updated asset objects reloaded before import = 1
Number of asset objects unloaded after import = 20
========================================================================
Received Import Request.
  Time since last request: 237.308150 seconds.
  path: Assets/Shader/DissolveUnlit.shadergraph
  artifactKey: Guid(37e3b3b9024197f468487307ed77d6dd) Importer(815301076,1909f56bfc062723c751e8b465ee728b)
Start importing Assets/Shader/DissolveUnlit.shadergraph using Guid(37e3b3b9024197f468487307ed77d6dd) Importer(815301076,1909f56bfc062723c751e8b465ee728b)  -> (artifact id: '6e27a73445337e9f09799b28bafa9059') in 0.513101 seconds
Number of updated asset objects reloaded before import = 1
Number of asset objects unloaded after import = 3
========================================================================
Received Import Request.
  Time since last request: 287.075003 seconds.
  path: Assets/Shader/DissolveUnlit.shadergraph
  artifactKey: Guid(37e3b3b9024197f468487307ed77d6dd) Importer(815301076,1909f56bfc062723c751e8b465ee728b)
Start importing Assets/Shader/DissolveUnlit.shadergraph using Guid(37e3b3b9024197f468487307ed77d6dd) Importer(815301076,1909f56bfc062723c751e8b465ee728b)  -> (artifact id: '86a64be7d1ddd264cb6b81163e30494c') in 0.299371 seconds
Number of updated asset objects reloaded before import = 1
Number of asset objects unloaded after import = 3
========================================================================
Received Import Request.
  Time since last request: 30.930276 seconds.
  path: Assets/EnemyPrefabs/Chemistry.prefab
  artifactKey: Guid(cff6b37a04aa257499f3fb24e930ef11) Importer(815301076,1909f56bfc062723c751e8b465ee728b)
Start importing Assets/EnemyPrefabs/Chemistry.prefab using Guid(cff6b37a04aa257499f3fb24e930ef11) Importer(815301076,1909f56bfc062723c751e8b465ee728b)  -> (artifact id: '877b9e9fea89928e977d088a5d7d8cfe') in 0.228697 seconds
Number of updated asset objects reloaded before import = 0
Number of asset objects unloaded after import = 58
========================================================================
Received Import Request.
  Time since last request: 2.383998 seconds.
  path: Assets/EnemyPrefabs/Chemistry.prefab
  artifactKey: Guid(cff6b37a04aa257499f3fb24e930ef11) Importer(815301076,1909f56bfc062723c751e8b465ee728b)
Start importing Assets/EnemyPrefabs/Chemistry.prefab using Guid(cff6b37a04aa257499f3fb24e930ef11) Importer(815301076,1909f56bfc062723c751e8b465ee728b)  -> (artifact id: '59e0fed568cd9a9f7f2c6a5e710bcdbf') in 0.025087 seconds
Number of updated asset objects reloaded before import = 0
Number of asset objects unloaded after import = 58
========================================================================
Received Import Request.
  Time since last request: 7.450542 seconds.
  path: Assets/EnemyPrefabs/Chemistry.prefab
  artifactKey: Guid(cff6b37a04aa257499f3fb24e930ef11) Importer(815301076,1909f56bfc062723c751e8b465ee728b)
Start importing Assets/EnemyPrefabs/Chemistry.prefab using Guid(cff6b37a04aa257499f3fb24e930ef11) Importer(815301076,1909f56bfc062723c751e8b465ee728b)  -> (artifact id: 'ddfaff0bbead9ff5200535e8a8ff303a') in 0.022833 seconds
Number of updated asset objects reloaded before import = 0
Number of asset objects unloaded after import = 58
========================================================================
Received Import Request.
  Time since last request: 0.767751 seconds.
  path: Assets/EnemyPrefabs/Chemistry.prefab
  artifactKey: Guid(cff6b37a04aa257499f3fb24e930ef11) Importer(815301076,1909f56bfc062723c751e8b465ee728b)
Start importing Assets/EnemyPrefabs/Chemistry.prefab using Guid(cff6b37a04aa257499f3fb24e930ef11) Importer(815301076,1909f56bfc062723c751e8b465ee728b)  -> (artifact id: 'a7b417dbbf4c88ff8bbbaf5dbb977d58') in 0.024798 seconds
Number of updated asset objects reloaded before import = 0
Number of asset objects unloaded after import = 58
========================================================================
Received Import Request.
  Time since last request: 1.781859 seconds.
  path: Assets/EnemyPrefabs/Chemistry.prefab
  artifactKey: Guid(cff6b37a04aa257499f3fb24e930ef11) Importer(815301076,1909f56bfc062723c751e8b465ee728b)
Start importing Assets/EnemyPrefabs/Chemistry.prefab using Guid(cff6b37a04aa257499f3fb24e930ef11) Importer(815301076,1909f56bfc062723c751e8b465ee728b)  -> (artifact id: 'a4af86bda12eecf2d4e61acff012957c') in 0.026896 seconds
Number of updated asset objects reloaded before import = 0
Number of asset objects unloaded after import = 58
========================================================================
Received Import Request.
  Time since last request: 2.775979 seconds.
  path: Assets/EnemyPrefabs/Chemistry.prefab
  artifactKey: Guid(cff6b37a04aa257499f3fb24e930ef11) Importer(815301076,1909f56bfc062723c751e8b465ee728b)
Start importing Assets/EnemyPrefabs/Chemistry.prefab using Guid(cff6b37a04aa257499f3fb24e930ef11) Importer(815301076,1909f56bfc062723c751e8b465ee728b)  -> (artifact id: '18ffc3ae1de122c305a1bdec43c48140') in 0.024633 seconds
Number of updated asset objects reloaded before import = 0
Number of asset objects unloaded after import = 58
========================================================================
Received Import Request.
  Time since last request: 1.587789 seconds.
  path: Assets/EnemyPrefabs/Chemistry.prefab
  artifactKey: Guid(cff6b37a04aa257499f3fb24e930ef11) Importer(815301076,1909f56bfc062723c751e8b465ee728b)
Start importing Assets/EnemyPrefabs/Chemistry.prefab using Guid(cff6b37a04aa257499f3fb24e930ef11) Importer(815301076,1909f56bfc062723c751e8b465ee728b)  -> (artifact id: 'be0fd8a605b14a0df60950a015ac142b') in 0.022111 seconds
Number of updated asset objects reloaded before import = 0
Number of asset objects unloaded after import = 58
========================================================================
Received Import Request.
  Time since last request: 5.415366 seconds.
  path: Assets/EnemyPrefabs/Chemistry.prefab
  artifactKey: Guid(cff6b37a04aa257499f3fb24e930ef11) Importer(815301076,1909f56bfc062723c751e8b465ee728b)
Start importing Assets/EnemyPrefabs/Chemistry.prefab using Guid(cff6b37a04aa257499f3fb24e930ef11) Importer(815301076,1909f56bfc062723c751e8b465ee728b)  -> (artifact id: '5a6674113218a8526467e874b46f3e60') in 0.017953 seconds
Number of updated asset objects reloaded before import = 0
Number of asset objects unloaded after import = 58
========================================================================
Received Import Request.
  Time since last request: 4.422761 seconds.
  path: Assets/EnemyPrefabs/Chemistry.prefab
  artifactKey: Guid(cff6b37a04aa257499f3fb24e930ef11) Importer(815301076,1909f56bfc062723c751e8b465ee728b)
Start importing Assets/EnemyPrefabs/Chemistry.prefab using Guid(cff6b37a04aa257499f3fb24e930ef11) Importer(815301076,1909f56bfc062723c751e8b465ee728b)  -> (artifact id: '33b542222b6cfd7f0e37a64385ac5a90') in 0.022899 seconds
Number of updated asset objects reloaded before import = 0
Number of asset objects unloaded after import = 58
========================================================================
Received Import Request.
  Time since last request: 1.173659 seconds.
  path: Assets/EnemyPrefabs/Chemistry.prefab
  artifactKey: Guid(cff6b37a04aa257499f3fb24e930ef11) Importer(815301076,1909f56bfc062723c751e8b465ee728b)
Start importing Assets/EnemyPrefabs/Chemistry.prefab using Guid(cff6b37a04aa257499f3fb24e930ef11) Importer(815301076,1909f56bfc062723c751e8b465ee728b)  -> (artifact id: '652c42eedd58df18d2ac092184287d9a') in 0.032910 seconds
Number of updated asset objects reloaded before import = 0
Number of asset objects unloaded after import = 58
========================================================================
Received Import Request.
  Time since last request: 5.895173 seconds.
  path: Assets/Shader/Shader Graphs_Dissolve.mat
  artifactKey: Guid(aa7b28df7bc6b884a8063bfcc1ec3e74) Importer(815301076,1909f56bfc062723c751e8b465ee728b)
Start importing Assets/Shader/Shader Graphs_Dissolve.mat using Guid(aa7b28df7bc6b884a8063bfcc1ec3e74) Importer(815301076,1909f56bfc062723c751e8b465ee728b)  -> (artifact id: 'e1ea5e83d2f7e0776be2cf9accac226f') in 0.020464 seconds
Number of updated asset objects reloaded before import = 0
Number of asset objects unloaded after import = 2
========================================================================
Received Import Request.
  Time since last request: 1.813402 seconds.
  path: Assets/EnemyPrefabs/GEMath.prefab
  artifactKey: Guid(7661f98eaf742bb47adec309e3a8361b) Importer(815301076,1909f56bfc062723c751e8b465ee728b)
Start importing Assets/EnemyPrefabs/GEMath.prefab using Guid(7661f98eaf742bb47adec309e3a8361b) Importer(815301076,1909f56bfc062723c751e8b465ee728b)  -> (artifact id: 'a0ede161c9b9e381823a01348ccb9c2d') in 0.085754 seconds
Number of updated asset objects reloaded before import = 0
Number of asset objects unloaded after import = 60
========================================================================
Received Import Request.
  Time since last request: 112.606147 seconds.
  path: Assets/Shader/DissolveUnlit.shadergraph
  artifactKey: Guid(37e3b3b9024197f468487307ed77d6dd) Importer(815301076,1909f56bfc062723c751e8b465ee728b)
Start importing Assets/Shader/DissolveUnlit.shadergraph using Guid(37e3b3b9024197f468487307ed77d6dd) Importer(815301076,1909f56bfc062723c751e8b465ee728b)  -> (artifact id: '6cf87b5b550dba907bff2afc1cdc49de') in 0.020316 seconds
Number of updated asset objects reloaded before import = 1
Number of asset objects unloaded after import = 3
========================================================================
Received Prepare
Begin MonoManager ReloadAssembly
- Loaded All Assemblies, in  2.962 seconds
Refreshing native plugins compatible for Editor in 20.12 ms, found 4 plugins.
Native extension for WindowsStandalone target not found
Native extension for WebGL target not found
[Package Manager] Server::EnsureServerProcessIsRunning -- launch failed, reason: Unity was launched with the -noUpm command-line argument
[Package Manager] UpmClient::Send -- Unable to send message (not connected to UPM process).
[Package Manager] Cannot connect to Unity Package Manager local server
Mono: successfully reloaded assembly
- Finished resetting the current domain, in  6.600 seconds
Domain Reload Profiling: 9615ms
	BeginReloadAssembly (680ms)
		ExecutionOrderSort (0ms)
		DisableScriptedObjects (64ms)
		BackupInstance (0ms)
		ReleaseScriptingObjects (1ms)
		CreateAndSetChildDomain (327ms)
	RebuildCommonClasses (62ms)
	RebuildNativeTypeToScriptingClass (20ms)
	initialDomainReloadingComplete (58ms)
	LoadAllAssembliesAndSetupDomain (2194ms)
		LoadAssemblies (2201ms)
		RebuildTransferFunctionScriptingTraits (0ms)
		AnalyzeDomain (137ms)
			TypeCache.Refresh (59ms)
				TypeCache.ScanAssembly (0ms)
			ScanForSourceGeneratedMonoScriptInfo (2ms)
			ResolveRequiredComponents (73ms)
	FinalizeReload (6601ms)
		ReleaseScriptCaches (0ms)
		RebuildScriptCaches (0ms)
		SetupLoadedEditorAssemblies (1180ms)
			LogAssemblyErrors (0ms)
			InitializePlatformSupportModulesInManaged (28ms)
			SetLoadedEditorAssemblies (13ms)
			RefreshPlugins (0ms)
			BeforeProcessingInitializeOnLoad (190ms)
			ProcessInitializeOnLoadAttributes (786ms)
			ProcessInitializeOnLoadMethodAttributes (146ms)
			AfterProcessingInitializeOnLoad (16ms)
			EditorAssembliesLoaded (1ms)
		ExecutionOrderSort2 (0ms)
		AwakeInstancesAfterBackupRestoration (34ms)
Refreshing native plugins compatible for Editor in 9.32 ms, found 4 plugins.
Preloading 0 native plugins for Editor in 0.00 ms.
Unloading 6111 Unused Serialized files (Serialized files now loaded: 0)
Unloading 61 unused Assets / (0.6 MB). Loaded Objects now: 7011.
Memory consumption went from 244.0 MB to 243.4 MB.
Total: 28.448600 ms (FindLiveObjects: 1.156100 ms CreateObjectMapping: 1.294800 ms MarkObjects: 18.177900 ms  DeleteObjects: 7.817300 ms)

Prepare: number of updated asset objects reloaded= 0
AssetImportParameters requested are different than current active one (requested -> active):
  custom:container-demuxer-ogg: 62fdf1f143b41e24485cea50d1cbac27 -> 
  custom:video-decoder-ogg-theora: a1e56fd34408186e4bbccfd4996cb3dc -> 
  custom:framework-win-MediaFoundation: 216162199b28c13a410421893ffa2e32 -> 
  custom:CustomObjectIndexerAttribute: a3ef5dd2817f97addfee359851a9dba5 -> 
  custom:container-demuxer-webm: 4f35f7cbe854078d1ac9338744f61a02 -> 
  custom:container-muxer-webm: aa71ff27fc2769a1b78a27578f13a17b -> 
  custom:video-decoder-webm-vp8: 9c59270c3fd7afecdb556c50c9e8de78 -> 
  custom:SearchIndexIgnoredProperties: e643bd26f0fe6173181afceb89e7c659 -> 
  custom:AudioImporter_EditorPlatform: d09bf68614088b80899f8185d706f6e7 -> 
  custom:video-encoder-webm-vp8: eb34c28f22e8b96e1ab97ce403110664 -> 
  custom:audio-decoder-ogg-vorbis: bf7c407c2cedff20999df2af8eb42d56 -> 
  custom:audio-encoder-webm-vorbis: bf7c407c2cedff20999df2af8eb42d56 -> 
========================================================================
Received Import Request.
  Time since last request: 113.642289 seconds.
  path: Assets/Shader/Shader Graphs_DissolveUnlit.mat
  artifactKey: Guid(de2585f16885dbe40970f4098908c612) Importer(815301076,1909f56bfc062723c751e8b465ee728b)
Start importing Assets/Shader/Shader Graphs_DissolveUnlit.mat using Guid(de2585f16885dbe40970f4098908c612) Importer(815301076,1909f56bfc062723c751e8b465ee728b)  -> (artifact id: '0c57e9b80e02ebc9bfb1661fd31a162b') in 0.272086 seconds
Number of updated asset objects reloaded before import = 0
Number of asset objects unloaded after import = 20
========================================================================
Received Import Request.
  Time since last request: 60.598753 seconds.
  path: Assets/Shader/Shader Graphs_DissolveUnlit.mat
  artifactKey: Guid(de2585f16885dbe40970f4098908c612) Importer(815301076,1909f56bfc062723c751e8b465ee728b)
Start importing Assets/Shader/Shader Graphs_DissolveUnlit.mat using Guid(de2585f16885dbe40970f4098908c612) Importer(815301076,1909f56bfc062723c751e8b465ee728b)  -> (artifact id: '31b17ff98684f47ae3f6e0c33aa57307') in 0.026825 seconds
Number of updated asset objects reloaded before import = 0
Number of asset objects unloaded after import = 3
========================================================================
Received Prepare
Begin MonoManager ReloadAssembly
- Loaded All Assemblies, in  1.144 seconds
Refreshing native plugins compatible for Editor in 6.90 ms, found 4 plugins.
Native extension for WindowsStandalone target not found
Native extension for WebGL target not found
[Package Manager] Server::EnsureServerProcessIsRunning -- launch failed, reason: Unity was launched with the -noUpm command-line argument
[Package Manager] UpmClient::Send -- Unable to send message (not connected to UPM process).
[Package Manager] Cannot connect to Unity Package Manager local server
Mono: successfully reloaded assembly
- Finished resetting the current domain, in  3.373 seconds
Domain Reload Profiling: 4509ms
	BeginReloadAssembly (278ms)
		ExecutionOrderSort (0ms)
		DisableScriptedObjects (21ms)
		BackupInstance (0ms)
		ReleaseScriptingObjects (0ms)
		CreateAndSetChildDomain (83ms)
	RebuildCommonClasses (55ms)
	RebuildNativeTypeToScriptingClass (17ms)
	initialDomainReloadingComplete (47ms)
	LoadAllAssembliesAndSetupDomain (739ms)
		LoadAssemblies (834ms)
		RebuildTransferFunctionScriptingTraits (0ms)
		AnalyzeDomain (28ms)
			TypeCache.Refresh (10ms)
				TypeCache.ScanAssembly (0ms)
			ScanForSourceGeneratedMonoScriptInfo (0ms)
			ResolveRequiredComponents (18ms)
	FinalizeReload (3374ms)
		ReleaseScriptCaches (0ms)
		RebuildScriptCaches (0ms)
		SetupLoadedEditorAssemblies (1054ms)
			LogAssemblyErrors (0ms)
			InitializePlatformSupportModulesInManaged (16ms)
			SetLoadedEditorAssemblies (9ms)
			RefreshPlugins (0ms)
			BeforeProcessingInitializeOnLoad (168ms)
			ProcessInitializeOnLoadAttributes (710ms)
			ProcessInitializeOnLoadMethodAttributes (134ms)
			AfterProcessingInitializeOnLoad (17ms)
			EditorAssembliesLoaded (0ms)
		ExecutionOrderSort2 (0ms)
		AwakeInstancesAfterBackupRestoration (32ms)
Refreshing native plugins compatible for Editor in 9.55 ms, found 4 plugins.
Preloading 0 native plugins for Editor in 0.00 ms.
Unloading 6111 Unused Serialized files (Serialized files now loaded: 0)
Unloading 56 unused Assets / (0.6 MB). Loaded Objects now: 7065.
Memory consumption went from 246.0 MB to 245.4 MB.
Total: 10.247500 ms (FindLiveObjects: 1.799900 ms CreateObjectMapping: 1.484700 ms MarkObjects: 6.580700 ms  DeleteObjects: 0.380900 ms)

Prepare: number of updated asset objects reloaded= 0
AssetImportParameters requested are different than current active one (requested -> active):
  custom:container-demuxer-ogg: 62fdf1f143b41e24485cea50d1cbac27 -> 
  custom:video-decoder-ogg-theora: a1e56fd34408186e4bbccfd4996cb3dc -> 
  custom:framework-win-MediaFoundation: 216162199b28c13a410421893ffa2e32 -> 
  custom:CustomObjectIndexerAttribute: a3ef5dd2817f97addfee359851a9dba5 -> 
  custom:container-demuxer-webm: 4f35f7cbe854078d1ac9338744f61a02 -> 
  custom:container-muxer-webm: aa71ff27fc2769a1b78a27578f13a17b -> 
  custom:video-decoder-webm-vp8: 9c59270c3fd7afecdb556c50c9e8de78 -> 
  custom:SearchIndexIgnoredProperties: e643bd26f0fe6173181afceb89e7c659 -> 
  custom:AudioImporter_EditorPlatform: d09bf68614088b80899f8185d706f6e7 -> 
  custom:video-encoder-webm-vp8: eb34c28f22e8b96e1ab97ce403110664 -> 
  custom:audio-decoder-ogg-vorbis: bf7c407c2cedff20999df2af8eb42d56 -> 
  custom:audio-encoder-webm-vorbis: bf7c407c2cedff20999df2af8eb42d56 -> 
========================================================================
Received Import Request.
  Time since last request: 151.287043 seconds.
  path: Assets/Shader/Dissolve.shadergraph
  artifactKey: Guid(f72701fdbe18dec44972f382f6a2bd31) Importer(815301076,1909f56bfc062723c751e8b465ee728b)
Start importing Assets/Shader/Dissolve.shadergraph using Guid(f72701fdbe18dec44972f382f6a2bd31) Importer(815301076,1909f56bfc062723c751e8b465ee728b)  -> (artifact id: '7cb21095605b4986cd93911c0df715cd') in 0.298581 seconds
Number of updated asset objects reloaded before import = 1
Number of asset objects unloaded after import = 20
========================================================================
Received Prepare
Begin MonoManager ReloadAssembly
- Loaded All Assemblies, in  0.800 seconds
Refreshing native plugins compatible for Editor in 6.98 ms, found 4 plugins.
Native extension for WindowsStandalone target not found
Native extension for WebGL target not found
[Package Manager] Server::EnsureServerProcessIsRunning -- launch failed, reason: Unity was launched with the -noUpm command-line argument
[Package Manager] UpmClient::Send -- Unable to send message (not connected to UPM process).
[Package Manager] Cannot connect to Unity Package Manager local server
Mono: successfully reloaded assembly
- Finished resetting the current domain, in  2.023 seconds
Domain Reload Profiling: 2814ms
	BeginReloadAssembly (243ms)
		ExecutionOrderSort (0ms)
		DisableScriptedObjects (22ms)
		BackupInstance (0ms)
		ReleaseScriptingObjects (0ms)
		CreateAndSetChildDomain (62ms)
	RebuildCommonClasses (49ms)
	RebuildNativeTypeToScriptingClass (14ms)
	initialDomainReloadingComplete (49ms)
	LoadAllAssembliesAndSetupDomain (436ms)
		LoadAssemblies (507ms)
		RebuildTransferFunctionScriptingTraits (0ms)
		AnalyzeDomain (35ms)
			TypeCache.Refresh (12ms)
				TypeCache.ScanAssembly (0ms)
			ScanForSourceGeneratedMonoScriptInfo (0ms)
			ResolveRequiredComponents (21ms)
	FinalizeReload (2023ms)
		ReleaseScriptCaches (0ms)
		RebuildScriptCaches (0ms)
		SetupLoadedEditorAssemblies (927ms)
			LogAssemblyErrors (0ms)
			InitializePlatformSupportModulesInManaged (10ms)
			SetLoadedEditorAssemblies (5ms)
			RefreshPlugins (0ms)
			BeforeProcessingInitializeOnLoad (146ms)
			ProcessInitializeOnLoadAttributes (663ms)
			ProcessInitializeOnLoadMethodAttributes (93ms)
			AfterProcessingInitializeOnLoad (10ms)
			EditorAssembliesLoaded (0ms)
		ExecutionOrderSort2 (0ms)
		AwakeInstancesAfterBackupRestoration (17ms)
Refreshing native plugins compatible for Editor in 11.53 ms, found 4 plugins.
Preloading 0 native plugins for Editor in 0.00 ms.
Unloading 6111 Unused Serialized files (Serialized files now loaded: 0)
Unloading 56 unused Assets / (0.6 MB). Loaded Objects now: 7119.
Memory consumption went from 248.0 MB to 247.4 MB.
Total: 15.645900 ms (FindLiveObjects: 2.762300 ms CreateObjectMapping: 2.868400 ms MarkObjects: 9.441700 ms  DeleteObjects: 0.571400 ms)

Prepare: number of updated asset objects reloaded= 0
AssetImportParameters requested are different than current active one (requested -> active):
  custom:container-demuxer-ogg: 62fdf1f143b41e24485cea50d1cbac27 -> 
  custom:video-decoder-ogg-theora: a1e56fd34408186e4bbccfd4996cb3dc -> 
  custom:framework-win-MediaFoundation: 216162199b28c13a410421893ffa2e32 -> 
  custom:CustomObjectIndexerAttribute: a3ef5dd2817f97addfee359851a9dba5 -> 
  custom:container-demuxer-webm: 4f35f7cbe854078d1ac9338744f61a02 -> 
  custom:container-muxer-webm: aa71ff27fc2769a1b78a27578f13a17b -> 
  custom:video-decoder-webm-vp8: 9c59270c3fd7afecdb556c50c9e8de78 -> 
  custom:SearchIndexIgnoredProperties: e643bd26f0fe6173181afceb89e7c659 -> 
  custom:AudioImporter_EditorPlatform: d09bf68614088b80899f8185d706f6e7 -> 
  custom:video-encoder-webm-vp8: eb34c28f22e8b96e1ab97ce403110664 -> 
  custom:audio-decoder-ogg-vorbis: bf7c407c2cedff20999df2af8eb42d56 -> 
  custom:audio-encoder-webm-vorbis: bf7c407c2cedff20999df2af8eb42d56 -> 
========================================================================
Received Import Request.
  Time since last request: 58.629241 seconds.
  path: Assets/Shader/Shader Graphs_DissolveUnlit.mat
  artifactKey: Guid(de2585f16885dbe40970f4098908c612) Importer(815301076,1909f56bfc062723c751e8b465ee728b)
Start importing Assets/Shader/Shader Graphs_DissolveUnlit.mat using Guid(de2585f16885dbe40970f4098908c612) Importer(815301076,1909f56bfc062723c751e8b465ee728b)  -> (artifact id: '46ef357f7f3d9500c814fae62b2e7d50') in 0.272774 seconds
Number of updated asset objects reloaded before import = 0
Number of asset objects unloaded after import = 20
